{"/Users/jamesquinn/Desktop/JournalProjectTALHAUPDATE/client/assets/js/pagination.js": {"path":"/Users/jamesquinn/Desktop/JournalProjectTALHAUPDATE/client/assets/js/pagination.js","statementMap":{"0":{"start":{"line":2,"column":14},"end":{"line":2,"column":55}},"1":{"start":{"line":3,"column":13},"end":{"line":3,"column":49}},"2":{"start":{"line":4,"column":17},"end":{"line":4,"column":57}},"3":{"start":{"line":6,"column":12},"end":{"line":6,"column":60}},"4":{"start":{"line":9,"column":19},"end":{"line":29,"column":1}},"5":{"start":{"line":10,"column":2},"end":{"line":27,"column":3}},"6":{"start":{"line":10,"column":15},"end":{"line":10,"column":16}},"7":{"start":{"line":11,"column":4},"end":{"line":24,"column":7}},"8":{"start":{"line":12,"column":6},"end":{"line":12,"column":25}},"9":{"start":{"line":13,"column":6},"end":{"line":15,"column":9}},"10":{"start":{"line":14,"column":8},"end":{"line":14,"column":38}},"11":{"start":{"line":16,"column":6},"end":{"line":16,"column":41}},"12":{"start":{"line":17,"column":6},"end":{"line":19,"column":9}},"13":{"start":{"line":18,"column":8},"end":{"line":18,"column":37}},"14":{"start":{"line":21,"column":6},"end":{"line":21,"column":39}},"15":{"start":{"line":23,"column":6},"end":{"line":23,"column":71}},"16":{"start":{"line":25,"column":4},"end":{"line":25,"column":15}},"17":{"start":{"line":26,"column":4},"end":{"line":26,"column":19}},"18":{"start":{"line":32,"column":0},"end":{"line":32,"column":41}},"19":{"start":{"line":33,"column":0},"end":{"line":33,"column":49}},"20":{"start":{"line":37,"column":20},"end":{"line":37,"column":21}},"21":{"start":{"line":38,"column":2},"end":{"line":42,"column":3}},"22":{"start":{"line":38,"column":15},"end":{"line":38,"column":16}},"23":{"start":{"line":39,"column":4},"end":{"line":41,"column":5}},"24":{"start":{"line":40,"column":6},"end":{"line":40,"column":22}},"25":{"start":{"line":43,"column":2},"end":{"line":65,"column":3}},"26":{"start":{"line":44,"column":4},"end":{"line":46,"column":7}},"27":{"start":{"line":45,"column":6},"end":{"line":45,"column":36}},"28":{"start":{"line":47,"column":4},"end":{"line":47,"column":39}},"29":{"start":{"line":48,"column":4},"end":{"line":48,"column":20}},"30":{"start":{"line":49,"column":4},"end":{"line":49,"column":45}},"31":{"start":{"line":50,"column":4},"end":{"line":52,"column":7}},"32":{"start":{"line":51,"column":6},"end":{"line":51,"column":35}},"33":{"start":{"line":53,"column":4},"end":{"line":53,"column":37}},"34":{"start":{"line":55,"column":4},"end":{"line":57,"column":7}},"35":{"start":{"line":56,"column":6},"end":{"line":56,"column":36}},"36":{"start":{"line":58,"column":4},"end":{"line":58,"column":53}},"37":{"start":{"line":59,"column":4},"end":{"line":59,"column":21}},"38":{"start":{"line":60,"column":4},"end":{"line":60,"column":45}},"39":{"start":{"line":61,"column":4},"end":{"line":63,"column":7}},"40":{"start":{"line":62,"column":6},"end":{"line":62,"column":35}},"41":{"start":{"line":64,"column":4},"end":{"line":64,"column":47}},"42":{"start":{"line":69,"column":20},"end":{"line":69,"column":21}},"43":{"start":{"line":70,"column":2},"end":{"line":74,"column":3}},"44":{"start":{"line":70,"column":15},"end":{"line":70,"column":16}},"45":{"start":{"line":71,"column":4},"end":{"line":73,"column":5}},"46":{"start":{"line":72,"column":6},"end":{"line":72,"column":22}},"47":{"start":{"line":75,"column":2},"end":{"line":97,"column":3}},"48":{"start":{"line":76,"column":4},"end":{"line":78,"column":7}},"49":{"start":{"line":77,"column":6},"end":{"line":77,"column":36}},"50":{"start":{"line":79,"column":4},"end":{"line":79,"column":39}},"51":{"start":{"line":80,"column":4},"end":{"line":80,"column":20}},"52":{"start":{"line":81,"column":4},"end":{"line":81,"column":45}},"53":{"start":{"line":82,"column":4},"end":{"line":84,"column":7}},"54":{"start":{"line":83,"column":6},"end":{"line":83,"column":35}},"55":{"start":{"line":85,"column":4},"end":{"line":85,"column":37}},"56":{"start":{"line":87,"column":4},"end":{"line":89,"column":7}},"57":{"start":{"line":88,"column":6},"end":{"line":88,"column":36}},"58":{"start":{"line":90,"column":4},"end":{"line":90,"column":53}},"59":{"start":{"line":91,"column":4},"end":{"line":91,"column":21}},"60":{"start":{"line":92,"column":4},"end":{"line":92,"column":45}},"61":{"start":{"line":93,"column":4},"end":{"line":95,"column":7}},"62":{"start":{"line":94,"column":6},"end":{"line":94,"column":35}},"63":{"start":{"line":96,"column":4},"end":{"line":96,"column":47}},"64":{"start":{"line":101,"column":0},"end":{"line":101,"column":15}},"65":{"start":{"line":103,"column":0},"end":{"line":107,"column":2}}},"fnMap":{"0":{"name":"(anonymous_0)","decl":{"start":{"line":9,"column":19},"end":{"line":9,"column":20}},"loc":{"start":{"line":9,"column":25},"end":{"line":29,"column":1}},"line":9},"1":{"name":"(anonymous_1)","decl":{"start":{"line":11,"column":41},"end":{"line":11,"column":42}},"loc":{"start":{"line":11,"column":48},"end":{"line":24,"column":5}},"line":11},"2":{"name":"(anonymous_2)","decl":{"start":{"line":13,"column":22},"end":{"line":13,"column":23}},"loc":{"start":{"line":13,"column":30},"end":{"line":15,"column":7}},"line":13},"3":{"name":"(anonymous_3)","decl":{"start":{"line":17,"column":20},"end":{"line":17,"column":21}},"loc":{"start":{"line":17,"column":27},"end":{"line":19,"column":7}},"line":17},"4":{"name":"nextPage","decl":{"start":{"line":36,"column":9},"end":{"line":36,"column":17}},"loc":{"start":{"line":36,"column":20},"end":{"line":66,"column":1}},"line":36},"5":{"name":"(anonymous_5)","decl":{"start":{"line":44,"column":20},"end":{"line":44,"column":21}},"loc":{"start":{"line":44,"column":28},"end":{"line":46,"column":5}},"line":44},"6":{"name":"(anonymous_6)","decl":{"start":{"line":50,"column":18},"end":{"line":50,"column":19}},"loc":{"start":{"line":50,"column":25},"end":{"line":52,"column":5}},"line":50},"7":{"name":"(anonymous_7)","decl":{"start":{"line":55,"column":20},"end":{"line":55,"column":21}},"loc":{"start":{"line":55,"column":28},"end":{"line":57,"column":5}},"line":55},"8":{"name":"(anonymous_8)","decl":{"start":{"line":61,"column":18},"end":{"line":61,"column":19}},"loc":{"start":{"line":61,"column":25},"end":{"line":63,"column":5}},"line":61},"9":{"name":"previousPage","decl":{"start":{"line":68,"column":9},"end":{"line":68,"column":21}},"loc":{"start":{"line":68,"column":24},"end":{"line":98,"column":1}},"line":68},"10":{"name":"(anonymous_10)","decl":{"start":{"line":76,"column":20},"end":{"line":76,"column":21}},"loc":{"start":{"line":76,"column":28},"end":{"line":78,"column":5}},"line":76},"11":{"name":"(anonymous_11)","decl":{"start":{"line":82,"column":18},"end":{"line":82,"column":19}},"loc":{"start":{"line":82,"column":25},"end":{"line":84,"column":5}},"line":82},"12":{"name":"(anonymous_12)","decl":{"start":{"line":87,"column":20},"end":{"line":87,"column":21}},"loc":{"start":{"line":87,"column":28},"end":{"line":89,"column":5}},"line":87},"13":{"name":"(anonymous_13)","decl":{"start":{"line":93,"column":18},"end":{"line":93,"column":19}},"loc":{"start":{"line":93,"column":25},"end":{"line":95,"column":5}},"line":93}},"branchMap":{"0":{"loc":{"start":{"line":39,"column":4},"end":{"line":41,"column":5}},"type":"if","locations":[{"start":{"line":39,"column":4},"end":{"line":41,"column":5}},{"start":{},"end":{}}],"line":39},"1":{"loc":{"start":{"line":43,"column":2},"end":{"line":65,"column":3}},"type":"if","locations":[{"start":{"line":43,"column":2},"end":{"line":65,"column":3}},{"start":{"line":54,"column":9},"end":{"line":65,"column":3}}],"line":43},"2":{"loc":{"start":{"line":71,"column":4},"end":{"line":73,"column":5}},"type":"if","locations":[{"start":{"line":71,"column":4},"end":{"line":73,"column":5}},{"start":{},"end":{}}],"line":71},"3":{"loc":{"start":{"line":75,"column":2},"end":{"line":97,"column":3}},"type":"if","locations":[{"start":{"line":75,"column":2},"end":{"line":97,"column":3}},{"start":{"line":86,"column":9},"end":{"line":97,"column":3}}],"line":75}},"s":{"0":1,"1":1,"2":1,"3":1,"4":1,"5":1,"6":1,"7":3,"8":0,"9":0,"10":0,"11":0,"12":0,"13":0,"14":0,"15":0,"16":3,"17":3,"18":1,"19":1,"20":3,"21":3,"22":3,"23":9,"24":3,"25":3,"26":0,"27":0,"28":0,"29":0,"30":0,"31":0,"32":0,"33":0,"34":3,"35":9,"36":3,"37":3,"38":3,"39":3,"40":9,"41":3,"42":3,"43":3,"44":3,"45":9,"46":3,"47":3,"48":0,"49":0,"50":0,"51":0,"52":0,"53":0,"54":0,"55":0,"56":3,"57":9,"58":3,"59":3,"60":3,"61":3,"62":9,"63":3,"64":1,"65":1},"f":{"0":1,"1":0,"2":0,"3":0,"4":3,"5":0,"6":0,"7":9,"8":9,"9":3,"10":0,"11":0,"12":9,"13":9},"b":{"0":[3,6],"1":[0,3],"2":[3,6],"3":[0,3]},"_coverageSchema":"1a1c01bbd47fc00a2c39e90264f33305004495a9","hash":"f37bb9834539c01a35409976d08648be47782b7f"}
,"/Users/jamesquinn/Desktop/JournalProjectTALHAUPDATE/client/assets/js/script.js": {"path":"/Users/jamesquinn/Desktop/JournalProjectTALHAUPDATE/client/assets/js/script.js","statementMap":{"0":{"start":{"line":1,"column":17},"end":{"line":1,"column":56}},"1":{"start":{"line":2,"column":12},"end":{"line":2,"column":44}},"2":{"start":{"line":3,"column":12},"end":{"line":3,"column":44}},"3":{"start":{"line":4,"column":20},"end":{"line":4,"column":60}},"4":{"start":{"line":6,"column":15},"end":{"line":6,"column":17}},"5":{"start":{"line":7,"column":20},"end":{"line":7,"column":22}},"6":{"start":{"line":9,"column":0},"end":{"line":9,"column":56}},"7":{"start":{"line":10,"column":0},"end":{"line":10,"column":60}},"8":{"start":{"line":14,"column":2},"end":{"line":23,"column":3}},"9":{"start":{"line":17,"column":19},"end":{"line":17,"column":77}},"10":{"start":{"line":18,"column":4},"end":{"line":18,"column":37}},"11":{"start":{"line":19,"column":4},"end":{"line":19,"column":28}},"12":{"start":{"line":22,"column":4},"end":{"line":22,"column":21}},"13":{"start":{"line":28,"column":2},"end":{"line":28,"column":18}},"14":{"start":{"line":29,"column":2},"end":{"line":43,"column":3}},"15":{"start":{"line":30,"column":4},"end":{"line":30,"column":29}},"16":{"start":{"line":32,"column":22},"end":{"line":32,"column":29}},"17":{"start":{"line":35,"column":4},"end":{"line":42,"column":5}},"18":{"start":{"line":37,"column":6},"end":{"line":37,"column":40}},"19":{"start":{"line":38,"column":11},"end":{"line":42,"column":5}},"20":{"start":{"line":39,"column":6},"end":{"line":39,"column":40}},"21":{"start":{"line":40,"column":11},"end":{"line":42,"column":5}},"22":{"start":{"line":41,"column":6},"end":{"line":41,"column":40}},"23":{"start":{"line":45,"column":2},"end":{"line":45,"column":21}},"24":{"start":{"line":51,"column":22},"end":{"line":51,"column":48}},"25":{"start":{"line":52,"column":19},"end":{"line":52,"column":48}},"26":{"start":{"line":55,"column":2},"end":{"line":55,"column":60}},"27":{"start":{"line":56,"column":2},"end":{"line":56,"column":36}},"28":{"start":{"line":59,"column":22},"end":{"line":59,"column":51}},"29":{"start":{"line":60,"column":2},"end":{"line":60,"column":78}},"30":{"start":{"line":61,"column":2},"end":{"line":61,"column":36}},"31":{"start":{"line":64,"column":18},"end":{"line":64,"column":47}},"32":{"start":{"line":65,"column":2},"end":{"line":72,"column":3}},"33":{"start":{"line":66,"column":4},"end":{"line":66,"column":51}},"34":{"start":{"line":68,"column":4},"end":{"line":71,"column":6}},"35":{"start":{"line":73,"column":2},"end":{"line":73,"column":35}},"36":{"start":{"line":76,"column":20},"end":{"line":76,"column":48}},"37":{"start":{"line":77,"column":2},"end":{"line":77,"column":53}},"38":{"start":{"line":78,"column":2},"end":{"line":78,"column":46}},"39":{"start":{"line":79,"column":2},"end":{"line":79,"column":34}},"40":{"start":{"line":82,"column":22},"end":{"line":82,"column":49}},"41":{"start":{"line":85,"column":19},"end":{"line":85,"column":70}},"42":{"start":{"line":86,"column":17},"end":{"line":86,"column":61}},"43":{"start":{"line":89,"column":2},"end":{"line":93,"column":3}},"44":{"start":{"line":90,"column":4},"end":{"line":90,"column":65}},"45":{"start":{"line":92,"column":4},"end":{"line":92,"column":39}},"46":{"start":{"line":96,"column":2},"end":{"line":96,"column":36}},"47":{"start":{"line":97,"column":2},"end":{"line":97,"column":36}},"48":{"start":{"line":103,"column":22},"end":{"line":103,"column":68}},"49":{"start":{"line":104,"column":19},"end":{"line":104,"column":79}},"50":{"start":{"line":107,"column":2},"end":{"line":216,"column":3}},"51":{"start":{"line":107,"column":15},"end":{"line":107,"column":16}},"52":{"start":{"line":109,"column":4},"end":{"line":215,"column":7}},"53":{"start":{"line":111,"column":6},"end":{"line":111,"column":41}},"54":{"start":{"line":112,"column":6},"end":{"line":112,"column":62}},"55":{"start":{"line":113,"column":6},"end":{"line":113,"column":62}},"56":{"start":{"line":115,"column":24},"end":{"line":115,"column":35}},"57":{"start":{"line":118,"column":25},"end":{"line":118,"column":63}},"58":{"start":{"line":119,"column":23},"end":{"line":119,"column":52}},"59":{"start":{"line":122,"column":6},"end":{"line":122,"column":50}},"60":{"start":{"line":123,"column":6},"end":{"line":123,"column":39}},"61":{"start":{"line":126,"column":26},"end":{"line":126,"column":55}},"62":{"start":{"line":127,"column":6},"end":{"line":130,"column":8}},"63":{"start":{"line":131,"column":6},"end":{"line":131,"column":40}},"64":{"start":{"line":132,"column":22},"end":{"line":132,"column":51}},"65":{"start":{"line":133,"column":6},"end":{"line":140,"column":7}},"66":{"start":{"line":134,"column":8},"end":{"line":134,"column":55}},"67":{"start":{"line":136,"column":8},"end":{"line":139,"column":10}},"68":{"start":{"line":141,"column":6},"end":{"line":141,"column":39}},"69":{"start":{"line":142,"column":6},"end":{"line":142,"column":40}},"70":{"start":{"line":145,"column":24},"end":{"line":145,"column":52}},"71":{"start":{"line":146,"column":6},"end":{"line":146,"column":57}},"72":{"start":{"line":147,"column":6},"end":{"line":147,"column":50}},"73":{"start":{"line":148,"column":6},"end":{"line":148,"column":38}},"74":{"start":{"line":151,"column":26},"end":{"line":151,"column":53}},"75":{"start":{"line":152,"column":6},"end":{"line":152,"column":52}},"76":{"start":{"line":153,"column":6},"end":{"line":153,"column":40}},"77":{"start":{"line":156,"column":6},"end":{"line":159,"column":8}},"78":{"start":{"line":162,"column":6},"end":{"line":162,"column":71}},"79":{"start":{"line":163,"column":6},"end":{"line":163,"column":62}},"80":{"start":{"line":164,"column":6},"end":{"line":164,"column":65}},"81":{"start":{"line":167,"column":6},"end":{"line":167,"column":72}},"82":{"start":{"line":168,"column":6},"end":{"line":168,"column":74}},"83":{"start":{"line":171,"column":24},"end":{"line":171,"column":52}},"84":{"start":{"line":172,"column":6},"end":{"line":172,"column":50}},"85":{"start":{"line":173,"column":6},"end":{"line":173,"column":41}},"86":{"start":{"line":174,"column":6},"end":{"line":174,"column":40}},"87":{"start":{"line":176,"column":6},"end":{"line":181,"column":7}},"88":{"start":{"line":177,"column":26},"end":{"line":177,"column":54}},"89":{"start":{"line":178,"column":8},"end":{"line":178,"column":47}},"90":{"start":{"line":179,"column":8},"end":{"line":179,"column":55}},"91":{"start":{"line":180,"column":8},"end":{"line":180,"column":40}},"92":{"start":{"line":182,"column":6},"end":{"line":182,"column":85}},"93":{"start":{"line":185,"column":25},"end":{"line":185,"column":57}},"94":{"start":{"line":186,"column":6},"end":{"line":186,"column":41}},"95":{"start":{"line":187,"column":6},"end":{"line":187,"column":41}},"96":{"start":{"line":190,"column":6},"end":{"line":190,"column":58}},"97":{"start":{"line":191,"column":6},"end":{"line":191,"column":50}},"98":{"start":{"line":194,"column":6},"end":{"line":210,"column":9}},"99":{"start":{"line":196,"column":8},"end":{"line":196,"column":43}},"100":{"start":{"line":198,"column":8},"end":{"line":198,"column":34}},"101":{"start":{"line":199,"column":8},"end":{"line":199,"column":40}},"102":{"start":{"line":201,"column":8},"end":{"line":201,"column":64}},"103":{"start":{"line":202,"column":8},"end":{"line":202,"column":64}},"104":{"start":{"line":203,"column":8},"end":{"line":203,"column":73}},"105":{"start":{"line":204,"column":8},"end":{"line":204,"column":75}},"106":{"start":{"line":205,"column":8},"end":{"line":205,"column":33}},"107":{"start":{"line":206,"column":8},"end":{"line":206,"column":65}},"108":{"start":{"line":207,"column":8},"end":{"line":207,"column":68}},"109":{"start":{"line":208,"column":8},"end":{"line":208,"column":42}},"110":{"start":{"line":209,"column":8},"end":{"line":209,"column":73}},"111":{"start":{"line":212,"column":6},"end":{"line":212,"column":52}},"112":{"start":{"line":220,"column":0},"end":{"line":222,"column":3}},"113":{"start":{"line":221,"column":2},"end":{"line":221,"column":22}},"114":{"start":{"line":226,"column":2},"end":{"line":226,"column":22}},"115":{"start":{"line":228,"column":18},"end":{"line":228,"column":61}},"116":{"start":{"line":229,"column":20},"end":{"line":229,"column":65}},"117":{"start":{"line":230,"column":16},"end":{"line":230,"column":64}},"118":{"start":{"line":235,"column":2},"end":{"line":242,"column":3}},"119":{"start":{"line":236,"column":4},"end":{"line":236,"column":38}},"120":{"start":{"line":241,"column":4},"end":{"line":241,"column":64}},"121":{"start":{"line":247,"column":13},"end":{"line":247,"column":47}},"122":{"start":{"line":252,"column":12},"end":{"line":252,"column":48}},"123":{"start":{"line":253,"column":2},"end":{"line":253,"column":43}},"124":{"start":{"line":255,"column":2},"end":{"line":288,"column":5}},"125":{"start":{"line":256,"column":4},"end":{"line":256,"column":23}},"126":{"start":{"line":258,"column":18},"end":{"line":258,"column":52}},"127":{"start":{"line":260,"column":4},"end":{"line":260,"column":29}},"128":{"start":{"line":264,"column":14},"end":{"line":264,"column":81}},"129":{"start":{"line":265,"column":14},"end":{"line":265,"column":62}},"130":{"start":{"line":266,"column":4},"end":{"line":266,"column":26}},"131":{"start":{"line":268,"column":4},"end":{"line":287,"column":9}},"132":{"start":{"line":269,"column":26},"end":{"line":269,"column":41}},"133":{"start":{"line":272,"column":21},"end":{"line":272,"column":53}},"134":{"start":{"line":273,"column":8},"end":{"line":273,"column":32}},"135":{"start":{"line":274,"column":18},"end":{"line":274,"column":47}},"136":{"start":{"line":276,"column":8},"end":{"line":276,"column":55}},"137":{"start":{"line":277,"column":23},"end":{"line":277,"column":30}},"138":{"start":{"line":279,"column":8},"end":{"line":279,"column":40}},"139":{"start":{"line":280,"column":8},"end":{"line":280,"column":32}},"140":{"start":{"line":281,"column":8},"end":{"line":281,"column":60}},"141":{"start":{"line":286,"column":8},"end":{"line":286,"column":27}},"142":{"start":{"line":293,"column":12},"end":{"line":293,"column":79}},"143":{"start":{"line":294,"column":2},"end":{"line":294,"column":24}},"144":{"start":{"line":295,"column":2},"end":{"line":303,"column":7}},"145":{"start":{"line":296,"column":24},"end":{"line":296,"column":39}},"146":{"start":{"line":299,"column":21},"end":{"line":299,"column":57}},"147":{"start":{"line":300,"column":22},"end":{"line":300,"column":65}},"148":{"start":{"line":301,"column":24},"end":{"line":301,"column":69}},"149":{"start":{"line":302,"column":6},"end":{"line":302,"column":67}},"150":{"start":{"line":310,"column":19},"end":{"line":310,"column":21}},"151":{"start":{"line":311,"column":2},"end":{"line":313,"column":3}},"152":{"start":{"line":312,"column":4},"end":{"line":312,"column":24}},"153":{"start":{"line":314,"column":2},"end":{"line":316,"column":3}},"154":{"start":{"line":315,"column":4},"end":{"line":315,"column":32}},"155":{"start":{"line":317,"column":2},"end":{"line":319,"column":3}},"156":{"start":{"line":318,"column":4},"end":{"line":318,"column":31}},"157":{"start":{"line":320,"column":2},"end":{"line":322,"column":3}},"158":{"start":{"line":321,"column":4},"end":{"line":321,"column":28}},"159":{"start":{"line":323,"column":2},"end":{"line":325,"column":3}},"160":{"start":{"line":324,"column":4},"end":{"line":324,"column":36}},"161":{"start":{"line":326,"column":2},"end":{"line":328,"column":3}},"162":{"start":{"line":327,"column":4},"end":{"line":327,"column":32}},"163":{"start":{"line":331,"column":18},"end":{"line":337,"column":3}},"164":{"start":{"line":338,"column":2},"end":{"line":338,"column":24}},"165":{"start":{"line":341,"column":2},"end":{"line":343,"column":25}},"166":{"start":{"line":342,"column":17},"end":{"line":342,"column":25}},"167":{"start":{"line":344,"column":2},"end":{"line":344,"column":20}},"168":{"start":{"line":348,"column":0},"end":{"line":350,"column":3}},"169":{"start":{"line":349,"column":2},"end":{"line":349,"column":25}},"170":{"start":{"line":353,"column":2},"end":{"line":353,"column":22}},"171":{"start":{"line":354,"column":16},"end":{"line":354,"column":64}},"172":{"start":{"line":355,"column":11},"end":{"line":355,"column":24}},"173":{"start":{"line":358,"column":2},"end":{"line":358,"column":24}},"174":{"start":{"line":359,"column":2},"end":{"line":359,"column":18}},"175":{"start":{"line":361,"column":20},"end":{"line":361,"column":32}},"176":{"start":{"line":364,"column":2},"end":{"line":371,"column":3}},"177":{"start":{"line":368,"column":4},"end":{"line":368,"column":42}},"178":{"start":{"line":370,"column":4},"end":{"line":370,"column":40}},"179":{"start":{"line":373,"column":20},"end":{"line":373,"column":48}},"180":{"start":{"line":374,"column":2},"end":{"line":374,"column":41}},"181":{"start":{"line":375,"column":2},"end":{"line":375,"column":33}},"182":{"start":{"line":376,"column":2},"end":{"line":376,"column":64}},"183":{"start":{"line":378,"column":2},"end":{"line":378,"column":64}},"184":{"start":{"line":400,"column":0},"end":{"line":409,"column":2}}},"fnMap":{"0":{"name":"pageLoad","decl":{"start":{"line":13,"column":15},"end":{"line":13,"column":23}},"loc":{"start":{"line":13,"column":26},"end":{"line":24,"column":1}},"line":13},"1":{"name":"displayOnLoad","decl":{"start":{"line":27,"column":9},"end":{"line":27,"column":22}},"loc":{"start":{"line":27,"column":29},"end":{"line":46,"column":1}},"line":27},"2":{"name":"buildCards","decl":{"start":{"line":49,"column":9},"end":{"line":49,"column":19}},"loc":{"start":{"line":49,"column":37},"end":{"line":98,"column":1}},"line":49},"3":{"name":"addListeners","decl":{"start":{"line":101,"column":9},"end":{"line":101,"column":21}},"loc":{"start":{"line":101,"column":28},"end":{"line":217,"column":1}},"line":101},"4":{"name":"(anonymous_4)","decl":{"start":{"line":109,"column":42},"end":{"line":109,"column":43}},"loc":{"start":{"line":109,"column":49},"end":{"line":215,"column":5}},"line":109},"5":{"name":"(anonymous_5)","decl":{"start":{"line":194,"column":43},"end":{"line":194,"column":44}},"loc":{"start":{"line":194,"column":50},"end":{"line":210,"column":7}},"line":194},"6":{"name":"(anonymous_6)","decl":{"start":{"line":220,"column":33},"end":{"line":220,"column":34}},"loc":{"start":{"line":220,"column":40},"end":{"line":222,"column":1}},"line":220},"7":{"name":"handleBlogValues","decl":{"start":{"line":225,"column":9},"end":{"line":225,"column":25}},"loc":{"start":{"line":225,"column":29},"end":{"line":243,"column":1}},"line":225},"8":{"name":"gifPreview","decl":{"start":{"line":250,"column":9},"end":{"line":250,"column":19}},"loc":{"start":{"line":250,"column":22},"end":{"line":289,"column":1}},"line":250},"9":{"name":"(anonymous_9)","decl":{"start":{"line":255,"column":32},"end":{"line":255,"column":33}},"loc":{"start":{"line":255,"column":39},"end":{"line":288,"column":3}},"line":255},"10":{"name":"(anonymous_10)","decl":{"start":{"line":269,"column":12},"end":{"line":269,"column":13}},"loc":{"start":{"line":269,"column":26},"end":{"line":269,"column":41}},"line":269},"11":{"name":"(anonymous_11)","decl":{"start":{"line":270,"column":12},"end":{"line":270,"column":13}},"loc":{"start":{"line":270,"column":25},"end":{"line":283,"column":7}},"line":270},"12":{"name":"(anonymous_12)","decl":{"start":{"line":285,"column":13},"end":{"line":285,"column":14}},"loc":{"start":{"line":285,"column":22},"end":{"line":287,"column":7}},"line":285},"13":{"name":"getFinalGifUrl","decl":{"start":{"line":292,"column":9},"end":{"line":292,"column":23}},"loc":{"start":{"line":292,"column":29},"end":{"line":304,"column":1}},"line":292},"14":{"name":"(anonymous_14)","decl":{"start":{"line":296,"column":10},"end":{"line":296,"column":11}},"loc":{"start":{"line":296,"column":24},"end":{"line":296,"column":39}},"line":296},"15":{"name":"(anonymous_15)","decl":{"start":{"line":297,"column":10},"end":{"line":297,"column":11}},"loc":{"start":{"line":297,"column":23},"end":{"line":303,"column":5}},"line":297},"16":{"name":"sendBlog","decl":{"start":{"line":307,"column":9},"end":{"line":307,"column":17}},"loc":{"start":{"line":307,"column":58},"end":{"line":345,"column":1}},"line":307},"17":{"name":"(anonymous_17)","decl":{"start":{"line":342,"column":10},"end":{"line":342,"column":11}},"loc":{"start":{"line":342,"column":17},"end":{"line":342,"column":25}},"line":342},"18":{"name":"(anonymous_18)","decl":{"start":{"line":348,"column":33},"end":{"line":348,"column":34}},"loc":{"start":{"line":348,"column":40},"end":{"line":350,"column":1}},"line":348},"19":{"name":"handleCommentValues","decl":{"start":{"line":352,"column":9},"end":{"line":352,"column":28}},"loc":{"start":{"line":352,"column":32},"end":{"line":379,"column":1}},"line":352}},"branchMap":{"0":{"loc":{"start":{"line":35,"column":4},"end":{"line":42,"column":5}},"type":"if","locations":[{"start":{"line":35,"column":4},"end":{"line":42,"column":5}},{"start":{"line":38,"column":11},"end":{"line":42,"column":5}}],"line":35},"1":{"loc":{"start":{"line":38,"column":11},"end":{"line":42,"column":5}},"type":"if","locations":[{"start":{"line":38,"column":11},"end":{"line":42,"column":5}},{"start":{"line":40,"column":11},"end":{"line":42,"column":5}}],"line":38},"2":{"loc":{"start":{"line":38,"column":15},"end":{"line":38,"column":49}},"type":"binary-expr","locations":[{"start":{"line":38,"column":15},"end":{"line":38,"column":29}},{"start":{"line":38,"column":33},"end":{"line":38,"column":49}}],"line":38},"3":{"loc":{"start":{"line":40,"column":11},"end":{"line":42,"column":5}},"type":"if","locations":[{"start":{"line":40,"column":11},"end":{"line":42,"column":5}},{"start":{},"end":{}}],"line":40},"4":{"loc":{"start":{"line":40,"column":15},"end":{"line":40,"column":50}},"type":"binary-expr","locations":[{"start":{"line":40,"column":15},"end":{"line":40,"column":30}},{"start":{"line":40,"column":34},"end":{"line":40,"column":50}}],"line":40},"5":{"loc":{"start":{"line":65,"column":2},"end":{"line":72,"column":3}},"type":"if","locations":[{"start":{"line":65,"column":2},"end":{"line":72,"column":3}},{"start":{"line":67,"column":9},"end":{"line":72,"column":3}}],"line":65},"6":{"loc":{"start":{"line":65,"column":6},"end":{"line":65,"column":60}},"type":"binary-expr","locations":[{"start":{"line":65,"column":6},"end":{"line":65,"column":32}},{"start":{"line":65,"column":36},"end":{"line":65,"column":60}}],"line":65},"7":{"loc":{"start":{"line":89,"column":2},"end":{"line":93,"column":3}},"type":"if","locations":[{"start":{"line":89,"column":2},"end":{"line":93,"column":3}},{"start":{"line":91,"column":9},"end":{"line":93,"column":3}}],"line":89},"8":{"loc":{"start":{"line":133,"column":6},"end":{"line":140,"column":7}},"type":"if","locations":[{"start":{"line":133,"column":6},"end":{"line":140,"column":7}},{"start":{"line":135,"column":13},"end":{"line":140,"column":7}}],"line":133},"9":{"loc":{"start":{"line":133,"column":10},"end":{"line":133,"column":64}},"type":"binary-expr","locations":[{"start":{"line":133,"column":10},"end":{"line":133,"column":36}},{"start":{"line":133,"column":40},"end":{"line":133,"column":64}}],"line":133},"10":{"loc":{"start":{"line":235,"column":2},"end":{"line":242,"column":3}},"type":"if","locations":[{"start":{"line":235,"column":2},"end":{"line":242,"column":3}},{"start":{"line":240,"column":7},"end":{"line":242,"column":3}}],"line":235},"11":{"loc":{"start":{"line":311,"column":2},"end":{"line":313,"column":3}},"type":"if","locations":[{"start":{"line":311,"column":2},"end":{"line":313,"column":3}},{"start":{},"end":{}}],"line":311},"12":{"loc":{"start":{"line":314,"column":2},"end":{"line":316,"column":3}},"type":"if","locations":[{"start":{"line":314,"column":2},"end":{"line":316,"column":3}},{"start":{},"end":{}}],"line":314},"13":{"loc":{"start":{"line":317,"column":2},"end":{"line":319,"column":3}},"type":"if","locations":[{"start":{"line":317,"column":2},"end":{"line":319,"column":3}},{"start":{},"end":{}}],"line":317},"14":{"loc":{"start":{"line":320,"column":2},"end":{"line":322,"column":3}},"type":"if","locations":[{"start":{"line":320,"column":2},"end":{"line":322,"column":3}},{"start":{},"end":{}}],"line":320},"15":{"loc":{"start":{"line":323,"column":2},"end":{"line":325,"column":3}},"type":"if","locations":[{"start":{"line":323,"column":2},"end":{"line":325,"column":3}},{"start":{},"end":{}}],"line":323},"16":{"loc":{"start":{"line":326,"column":2},"end":{"line":328,"column":3}},"type":"if","locations":[{"start":{"line":326,"column":2},"end":{"line":328,"column":3}},{"start":{},"end":{}}],"line":326},"17":{"loc":{"start":{"line":364,"column":2},"end":{"line":371,"column":3}},"type":"if","locations":[{"start":{"line":364,"column":2},"end":{"line":371,"column":3}},{"start":{"line":369,"column":9},"end":{"line":371,"column":3}}],"line":364},"18":{"loc":{"start":{"line":365,"column":4},"end":{"line":366,"column":42}},"type":"binary-expr","locations":[{"start":{"line":365,"column":4},"end":{"line":365,"column":42}},{"start":{"line":366,"column":4},"end":{"line":366,"column":42}}],"line":365}},"s":{"0":1,"1":1,"2":1,"3":1,"4":1,"5":1,"6":1,"7":1,"8":1,"9":1,"10":1,"11":0,"12":1,"13":0,"14":0,"15":0,"16":0,"17":0,"18":0,"19":0,"20":0,"21":0,"22":0,"23":0,"24":0,"25":0,"26":0,"27":0,"28":0,"29":0,"30":0,"31":0,"32":0,"33":0,"34":0,"35":0,"36":0,"37":0,"38":0,"39":0,"40":0,"41":0,"42":0,"43":0,"44":0,"45":0,"46":0,"47":0,"48":0,"49":0,"50":0,"51":0,"52":0,"53":0,"54":0,"55":0,"56":0,"57":0,"58":0,"59":0,"60":0,"61":0,"62":0,"63":0,"64":0,"65":0,"66":0,"67":0,"68":0,"69":0,"70":0,"71":0,"72":0,"73":0,"74":0,"75":0,"76":0,"77":0,"78":0,"79":0,"80":0,"81":0,"82":0,"83":0,"84":0,"85":0,"86":0,"87":0,"88":0,"89":0,"90":0,"91":0,"92":0,"93":0,"94":0,"95":0,"96":0,"97":0,"98":0,"99":0,"100":0,"101":0,"102":0,"103":0,"104":0,"105":0,"106":0,"107":0,"108":0,"109":0,"110":0,"111":0,"112":1,"113":0,"114":0,"115":0,"116":0,"117":0,"118":0,"119":0,"120":0,"121":1,"122":1,"123":1,"124":1,"125":0,"126":0,"127":0,"128":0,"129":0,"130":0,"131":0,"132":0,"133":0,"134":0,"135":0,"136":0,"137":0,"138":0,"139":0,"140":0,"141":0,"142":0,"143":0,"144":0,"145":0,"146":0,"147":0,"148":0,"149":0,"150":0,"151":0,"152":0,"153":0,"154":0,"155":0,"156":0,"157":0,"158":0,"159":0,"160":0,"161":0,"162":0,"163":0,"164":0,"165":0,"166":0,"167":0,"168":1,"169":0,"170":0,"171":0,"172":0,"173":0,"174":0,"175":0,"176":0,"177":0,"178":0,"179":0,"180":0,"181":0,"182":0,"183":0,"184":1},"f":{"0":1,"1":0,"2":0,"3":0,"4":0,"5":0,"6":0,"7":0,"8":1,"9":0,"10":0,"11":0,"12":0,"13":0,"14":0,"15":0,"16":0,"17":0,"18":0,"19":0},"b":{"0":[0,0],"1":[0,0],"2":[0,0],"3":[0,0],"4":[0,0],"5":[0,0],"6":[0,0],"7":[0,0],"8":[0,0],"9":[0,0],"10":[0,0],"11":[0,0],"12":[0,0],"13":[0,0],"14":[0,0],"15":[0,0],"16":[0,0],"17":[0,0],"18":[0,0]},"_coverageSchema":"1a1c01bbd47fc00a2c39e90264f33305004495a9","hash":"1911d82d6778d19b471a8f54292f0801228d440d"}
,"/Users/jamesquinn/Desktop/JournalProjectTALHAUPDATE/server/app.js": {"path":"/Users/jamesquinn/Desktop/JournalProjectTALHAUPDATE/server/app.js","statementMap":{"0":{"start":{"line":1,"column":16},"end":{"line":1,"column":34}},"1":{"start":{"line":2,"column":12},"end":{"line":2,"column":21}},"2":{"start":{"line":3,"column":13},"end":{"line":3,"column":28}},"3":{"start":{"line":4,"column":19},"end":{"line":4,"column":41}},"4":{"start":{"line":8,"column":11},"end":{"line":8,"column":32}},"5":{"start":{"line":10,"column":0},"end":{"line":10,"column":27}},"6":{"start":{"line":11,"column":0},"end":{"line":11,"column":16}},"7":{"start":{"line":14,"column":13},"end":{"line":14,"column":37}},"8":{"start":{"line":16,"column":0},"end":{"line":18,"column":3}},"9":{"start":{"line":17,"column":2},"end":{"line":17,"column":35}},"10":{"start":{"line":21,"column":0},"end":{"line":28,"column":2}},"11":{"start":{"line":22,"column":2},"end":{"line":27,"column":3}},"12":{"start":{"line":23,"column":4},"end":{"line":23,"column":55}},"13":{"start":{"line":23,"column":39},"end":{"line":23,"column":53}},"14":{"start":{"line":26,"column":4},"end":{"line":26,"column":20}},"15":{"start":{"line":31,"column":0},"end":{"line":39,"column":2}},"16":{"start":{"line":32,"column":13},"end":{"line":32,"column":42}},"17":{"start":{"line":32,"column":28},"end":{"line":32,"column":42}},"18":{"start":{"line":33,"column":17},"end":{"line":33,"column":41}},"19":{"start":{"line":34,"column":2},"end":{"line":38,"column":3}},"20":{"start":{"line":35,"column":4},"end":{"line":35,"column":32}},"21":{"start":{"line":37,"column":4},"end":{"line":37,"column":20}},"22":{"start":{"line":41,"column":0},"end":{"line":51,"column":2}},"23":{"start":{"line":42,"column":18},"end":{"line":42,"column":26}},"24":{"start":{"line":43,"column":2},"end":{"line":43,"column":22}},"25":{"start":{"line":44,"column":2},"end":{"line":50,"column":3}},"26":{"start":{"line":45,"column":4},"end":{"line":45,"column":25}},"27":{"start":{"line":46,"column":4},"end":{"line":46,"column":24}},"28":{"start":{"line":47,"column":4},"end":{"line":47,"column":41}},"29":{"start":{"line":49,"column":4},"end":{"line":49,"column":20}},"30":{"start":{"line":53,"column":0},"end":{"line":55,"column":3}},"31":{"start":{"line":54,"column":4},"end":{"line":54,"column":70}},"32":{"start":{"line":57,"column":0},"end":{"line":57,"column":21}}},"fnMap":{"0":{"name":"(anonymous_0)","decl":{"start":{"line":16,"column":13},"end":{"line":16,"column":14}},"loc":{"start":{"line":16,"column":27},"end":{"line":18,"column":1}},"line":16},"1":{"name":"(anonymous_1)","decl":{"start":{"line":21,"column":18},"end":{"line":21,"column":19}},"loc":{"start":{"line":21,"column":32},"end":{"line":28,"column":1}},"line":21},"2":{"name":"(anonymous_2)","decl":{"start":{"line":23,"column":24},"end":{"line":23,"column":25}},"loc":{"start":{"line":23,"column":39},"end":{"line":23,"column":53}},"line":23},"3":{"name":"(anonymous_3)","decl":{"start":{"line":31,"column":22},"end":{"line":31,"column":23}},"loc":{"start":{"line":31,"column":36},"end":{"line":39,"column":1}},"line":31},"4":{"name":"(anonymous_4)","decl":{"start":{"line":32,"column":13},"end":{"line":32,"column":14}},"loc":{"start":{"line":32,"column":28},"end":{"line":32,"column":42}},"line":32},"5":{"name":"(anonymous_5)","decl":{"start":{"line":41,"column":21},"end":{"line":41,"column":22}},"loc":{"start":{"line":41,"column":35},"end":{"line":51,"column":1}},"line":41},"6":{"name":"(anonymous_6)","decl":{"start":{"line":53,"column":17},"end":{"line":53,"column":18}},"loc":{"start":{"line":53,"column":21},"end":{"line":55,"column":1}},"line":53}},"branchMap":{"0":{"loc":{"start":{"line":14,"column":13},"end":{"line":14,"column":37}},"type":"binary-expr","locations":[{"start":{"line":14,"column":13},"end":{"line":14,"column":29}},{"start":{"line":14,"column":33},"end":{"line":14,"column":37}}],"line":14}},"s":{"0":1,"1":1,"2":1,"3":1,"4":1,"5":1,"6":1,"7":1,"8":1,"9":1,"10":1,"11":1,"12":1,"13":1,"14":0,"15":1,"16":0,"17":0,"18":0,"19":0,"20":0,"21":0,"22":1,"23":0,"24":0,"25":0,"26":0,"27":0,"28":0,"29":0,"30":1,"31":1,"32":1},"f":{"0":1,"1":1,"2":1,"3":0,"4":0,"5":0,"6":1},"b":{"0":[1,1]},"_coverageSchema":"1a1c01bbd47fc00a2c39e90264f33305004495a9","hash":"5a231ab016c0379fda14bd384cfa1227a038f211"}
,"/Users/jamesquinn/Desktop/JournalProjectTALHAUPDATE/server/database.js": {"path":"/Users/jamesquinn/Desktop/JournalProjectTALHAUPDATE/server/database.js","statementMap":{"0":{"start":{"line":7,"column":11},"end":{"line":7,"column":24}},"1":{"start":{"line":8,"column":17},"end":{"line":8,"column":35}},"2":{"start":{"line":12,"column":4},"end":{"line":22,"column":7}},"3":{"start":{"line":13,"column":8},"end":{"line":15,"column":9}},"4":{"start":{"line":14,"column":10},"end":{"line":14,"column":31}},"5":{"start":{"line":16,"column":8},"end":{"line":21,"column":9}},"6":{"start":{"line":17,"column":25},"end":{"line":17,"column":45}},"7":{"start":{"line":18,"column":10},"end":{"line":18,"column":40}},"8":{"start":{"line":20,"column":10},"end":{"line":20,"column":31}},"9":{"start":{"line":27,"column":23},"end":{"line":27,"column":43}},"10":{"start":{"line":28,"column":4},"end":{"line":34,"column":6}},"11":{"start":{"line":29,"column":8},"end":{"line":33,"column":9}},"12":{"start":{"line":30,"column":12},"end":{"line":30,"column":50}},"13":{"start":{"line":32,"column":12},"end":{"line":32,"column":50}},"14":{"start":{"line":39,"column":4},"end":{"line":39,"column":28}},"15":{"start":{"line":45,"column":18},"end":{"line":48,"column":5}},"16":{"start":{"line":46,"column":24},"end":{"line":46,"column":36}},"17":{"start":{"line":47,"column":8},"end":{"line":47,"column":25}},"18":{"start":{"line":49,"column":4},"end":{"line":49,"column":31}},"19":{"start":{"line":55,"column":15},"end":{"line":63,"column":5}},"20":{"start":{"line":57,"column":8},"end":{"line":60,"column":9}},"21":{"start":{"line":58,"column":26},"end":{"line":58,"column":54}},"22":{"start":{"line":59,"column":12},"end":{"line":59,"column":34}},"23":{"start":{"line":61,"column":8},"end":{"line":61,"column":89}},"24":{"start":{"line":62,"column":8},"end":{"line":62,"column":28}},"25":{"start":{"line":64,"column":4},"end":{"line":64,"column":21}},"26":{"start":{"line":68,"column":0},"end":{"line":68,"column":90}}},"fnMap":{"0":{"name":"readDatabase","decl":{"start":{"line":11,"column":9},"end":{"line":11,"column":21}},"loc":{"start":{"line":11,"column":25},"end":{"line":23,"column":1}},"line":11},"1":{"name":"(anonymous_1)","decl":{"start":{"line":12,"column":26},"end":{"line":12,"column":27}},"loc":{"start":{"line":12,"column":45},"end":{"line":22,"column":5}},"line":12},"2":{"name":"writeDatabase","decl":{"start":{"line":26,"column":9},"end":{"line":26,"column":22}},"loc":{"start":{"line":26,"column":28},"end":{"line":35,"column":1}},"line":26},"3":{"name":"(anonymous_3)","decl":{"start":{"line":28,"column":39},"end":{"line":28,"column":40}},"loc":{"start":{"line":28,"column":46},"end":{"line":34,"column":5}},"line":28},"4":{"name":"retrieveAllBlogs","decl":{"start":{"line":38,"column":9},"end":{"line":38,"column":25}},"loc":{"start":{"line":38,"column":29},"end":{"line":40,"column":1}},"line":38},"5":{"name":"retrieveBlog","decl":{"start":{"line":43,"column":9},"end":{"line":43,"column":21}},"loc":{"start":{"line":43,"column":33},"end":{"line":50,"column":1}},"line":43},"6":{"name":"(anonymous_6)","decl":{"start":{"line":45,"column":18},"end":{"line":45,"column":19}},"loc":{"start":{"line":45,"column":33},"end":{"line":48,"column":5}},"line":45},"7":{"name":"writeBlog","decl":{"start":{"line":53,"column":9},"end":{"line":53,"column":18}},"loc":{"start":{"line":53,"column":27},"end":{"line":66,"column":1}},"line":53},"8":{"name":"(anonymous_8)","decl":{"start":{"line":55,"column":15},"end":{"line":55,"column":16}},"loc":{"start":{"line":55,"column":30},"end":{"line":63,"column":5}},"line":55}},"branchMap":{"0":{"loc":{"start":{"line":13,"column":8},"end":{"line":15,"column":9}},"type":"if","locations":[{"start":{"line":13,"column":8},"end":{"line":15,"column":9}},{"start":{},"end":{}}],"line":13},"1":{"loc":{"start":{"line":14,"column":17},"end":{"line":14,"column":30}},"type":"binary-expr","locations":[{"start":{"line":14,"column":17},"end":{"line":14,"column":19}},{"start":{"line":14,"column":23},"end":{"line":14,"column":30}}],"line":14},"2":{"loc":{"start":{"line":18,"column":17},"end":{"line":18,"column":39}},"type":"binary-expr","locations":[{"start":{"line":18,"column":17},"end":{"line":18,"column":19}},{"start":{"line":18,"column":23},"end":{"line":18,"column":39}}],"line":18},"3":{"loc":{"start":{"line":20,"column":17},"end":{"line":20,"column":30}},"type":"binary-expr","locations":[{"start":{"line":20,"column":17},"end":{"line":20,"column":19}},{"start":{"line":20,"column":23},"end":{"line":20,"column":30}}],"line":20},"4":{"loc":{"start":{"line":29,"column":8},"end":{"line":33,"column":9}},"type":"if","locations":[{"start":{"line":29,"column":8},"end":{"line":33,"column":9}},{"start":{"line":31,"column":15},"end":{"line":33,"column":9}}],"line":29},"5":{"loc":{"start":{"line":57,"column":8},"end":{"line":60,"column":9}},"type":"if","locations":[{"start":{"line":57,"column":8},"end":{"line":60,"column":9}},{"start":{},"end":{}}],"line":57}},"s":{"0":2,"1":2,"2":1,"3":1,"4":0,"5":1,"6":1,"7":1,"8":0,"9":0,"10":0,"11":0,"12":0,"13":0,"14":1,"15":0,"16":0,"17":0,"18":0,"19":0,"20":0,"21":0,"22":0,"23":0,"24":0,"25":0,"26":2},"f":{"0":1,"1":1,"2":0,"3":0,"4":1,"5":0,"6":0,"7":0,"8":0},"b":{"0":[0,1],"1":[0,0],"2":[1,1],"3":[0,0],"4":[0,0],"5":[0,0]},"_coverageSchema":"1a1c01bbd47fc00a2c39e90264f33305004495a9","hash":"f1fe7123545c7501a4a200b08baeb543dd6e0fd4"}
}
