TN:
SF:client/assets/js/pagination.js
FN:9,(anonymous_0)
FN:11,(anonymous_1)
FN:13,(anonymous_2)
FN:17,(anonymous_3)
FN:36,nextPage
FN:44,(anonymous_5)
FN:50,(anonymous_6)
FN:55,(anonymous_7)
FN:61,(anonymous_8)
FN:68,previousPage
FN:76,(anonymous_10)
FN:82,(anonymous_11)
FN:87,(anonymous_12)
FN:93,(anonymous_13)
FNF:14
FNH:7
FNDA:1,(anonymous_0)
FNDA:0,(anonymous_1)
FNDA:0,(anonymous_2)
FNDA:0,(anonymous_3)
FNDA:3,nextPage
FNDA:0,(anonymous_5)
FNDA:0,(anonymous_6)
FNDA:9,(anonymous_7)
FNDA:9,(anonymous_8)
FNDA:3,previousPage
FNDA:0,(anonymous_10)
FNDA:0,(anonymous_11)
FNDA:9,(anonymous_12)
FNDA:9,(anonymous_13)
DA:2,1
DA:3,1
DA:4,1
DA:6,1
DA:9,1
DA:10,1
DA:11,3
DA:12,0
DA:13,0
DA:14,0
DA:16,0
DA:17,0
DA:18,0
DA:21,0
DA:23,0
DA:25,3
DA:26,3
DA:32,1
DA:33,1
DA:37,3
DA:38,3
DA:39,9
DA:40,3
DA:43,3
DA:44,0
DA:45,0
DA:47,0
DA:48,0
DA:49,0
DA:50,0
DA:51,0
DA:53,0
DA:55,3
DA:56,9
DA:58,3
DA:59,3
DA:60,3
DA:61,3
DA:62,9
DA:64,3
DA:69,3
DA:70,3
DA:71,9
DA:72,3
DA:75,3
DA:76,0
DA:77,0
DA:79,0
DA:80,0
DA:81,0
DA:82,0
DA:83,0
DA:85,0
DA:87,3
DA:88,9
DA:90,3
DA:91,3
DA:92,3
DA:93,3
DA:94,9
DA:96,3
DA:101,1
DA:103,1
LF:63
LH:39
BRDA:39,0,0,3
BRDA:39,0,1,6
BRDA:43,1,0,0
BRDA:43,1,1,3
BRDA:71,2,0,3
BRDA:71,2,1,6
BRDA:75,3,0,0
BRDA:75,3,1,3
BRF:8
BRH:6
end_of_record
TN:
SF:client/assets/js/script.js
FN:13,pageLoad
FN:27,displayOnLoad
FN:49,buildCards
FN:101,addListeners
FN:109,(anonymous_4)
FN:194,(anonymous_5)
FN:220,(anonymous_6)
FN:225,handleBlogValues
FN:250,gifPreview
FN:255,(anonymous_9)
FN:269,(anonymous_10)
FN:270,(anonymous_11)
FN:285,(anonymous_12)
FN:292,getFinalGifUrl
FN:296,(anonymous_14)
FN:297,(anonymous_15)
FN:307,sendBlog
FN:342,(anonymous_17)
FN:348,(anonymous_18)
FN:352,handleCommentValues
FNF:20
FNH:2
FNDA:1,pageLoad
FNDA:0,displayOnLoad
FNDA:0,buildCards
FNDA:0,addListeners
FNDA:0,(anonymous_4)
FNDA:0,(anonymous_5)
FNDA:0,(anonymous_6)
FNDA:0,handleBlogValues
FNDA:1,gifPreview
FNDA:0,(anonymous_9)
FNDA:0,(anonymous_10)
FNDA:0,(anonymous_11)
FNDA:0,(anonymous_12)
FNDA:0,getFinalGifUrl
FNDA:0,(anonymous_14)
FNDA:0,(anonymous_15)
FNDA:0,sendBlog
FNDA:0,(anonymous_17)
FNDA:0,(anonymous_18)
FNDA:0,handleCommentValues
DA:1,1
DA:2,1
DA:3,1
DA:4,1
DA:6,1
DA:7,1
DA:9,1
DA:10,1
DA:14,1
DA:17,1
DA:18,1
DA:19,0
DA:22,1
DA:28,0
DA:29,0
DA:30,0
DA:32,0
DA:35,0
DA:37,0
DA:38,0
DA:39,0
DA:40,0
DA:41,0
DA:45,0
DA:51,0
DA:52,0
DA:55,0
DA:56,0
DA:59,0
DA:60,0
DA:61,0
DA:64,0
DA:65,0
DA:66,0
DA:68,0
DA:73,0
DA:76,0
DA:77,0
DA:78,0
DA:79,0
DA:82,0
DA:85,0
DA:86,0
DA:89,0
DA:90,0
DA:92,0
DA:96,0
DA:97,0
DA:103,0
DA:104,0
DA:107,0
DA:109,0
DA:111,0
DA:112,0
DA:113,0
DA:115,0
DA:118,0
DA:119,0
DA:122,0
DA:123,0
DA:126,0
DA:127,0
DA:131,0
DA:132,0
DA:133,0
DA:134,0
DA:136,0
DA:141,0
DA:142,0
DA:145,0
DA:146,0
DA:147,0
DA:148,0
DA:151,0
DA:152,0
DA:153,0
DA:156,0
DA:162,0
DA:163,0
DA:164,0
DA:167,0
DA:168,0
DA:171,0
DA:172,0
DA:173,0
DA:174,0
DA:176,0
DA:177,0
DA:178,0
DA:179,0
DA:180,0
DA:182,0
DA:185,0
DA:186,0
DA:187,0
DA:190,0
DA:191,0
DA:194,0
DA:196,0
DA:198,0
DA:199,0
DA:201,0
DA:202,0
DA:203,0
DA:204,0
DA:205,0
DA:206,0
DA:207,0
DA:208,0
DA:209,0
DA:212,0
DA:220,1
DA:221,0
DA:226,0
DA:228,0
DA:229,0
DA:230,0
DA:235,0
DA:236,0
DA:241,0
DA:247,1
DA:252,1
DA:253,1
DA:255,1
DA:256,0
DA:258,0
DA:260,0
DA:264,0
DA:265,0
DA:266,0
DA:268,0
DA:269,0
DA:272,0
DA:273,0
DA:274,0
DA:276,0
DA:277,0
DA:279,0
DA:280,0
DA:281,0
DA:286,0
DA:293,0
DA:294,0
DA:295,0
DA:296,0
DA:299,0
DA:300,0
DA:301,0
DA:302,0
DA:310,0
DA:311,0
DA:312,0
DA:314,0
DA:315,0
DA:317,0
DA:318,0
DA:320,0
DA:321,0
DA:323,0
DA:324,0
DA:326,0
DA:327,0
DA:331,0
DA:338,0
DA:341,0
DA:342,0
DA:344,0
DA:348,1
DA:349,0
DA:353,0
DA:354,0
DA:355,0
DA:358,0
DA:359,0
DA:361,0
DA:364,0
DA:368,0
DA:370,0
DA:373,0
DA:374,0
DA:375,0
DA:376,0
DA:378,0
DA:400,1
LF:184
LH:19
BRDA:35,0,0,0
BRDA:35,0,1,0
BRDA:38,1,0,0
BRDA:38,1,1,0
BRDA:38,2,0,0
BRDA:38,2,1,0
BRDA:40,3,0,0
BRDA:40,3,1,0
BRDA:40,4,0,0
BRDA:40,4,1,0
BRDA:65,5,0,0
BRDA:65,5,1,0
BRDA:65,6,0,0
BRDA:65,6,1,0
BRDA:89,7,0,0
BRDA:89,7,1,0
BRDA:133,8,0,0
BRDA:133,8,1,0
BRDA:133,9,0,0
BRDA:133,9,1,0
BRDA:235,10,0,0
BRDA:235,10,1,0
BRDA:311,11,0,0
BRDA:311,11,1,0
BRDA:314,12,0,0
BRDA:314,12,1,0
BRDA:317,13,0,0
BRDA:317,13,1,0
BRDA:320,14,0,0
BRDA:320,14,1,0
BRDA:323,15,0,0
BRDA:323,15,1,0
BRDA:326,16,0,0
BRDA:326,16,1,0
BRDA:364,17,0,0
BRDA:364,17,1,0
BRDA:365,18,0,0
BRDA:365,18,1,0
BRF:38
BRH:0
end_of_record
TN:
SF:server/app.js
FN:16,(anonymous_0)
FN:21,(anonymous_1)
FN:23,(anonymous_2)
FN:31,(anonymous_3)
FN:32,(anonymous_4)
FN:41,(anonymous_5)
FN:53,(anonymous_6)
FNF:7
FNH:4
FNDA:1,(anonymous_0)
FNDA:1,(anonymous_1)
FNDA:1,(anonymous_2)
FNDA:0,(anonymous_3)
FNDA:0,(anonymous_4)
FNDA:0,(anonymous_5)
FNDA:1,(anonymous_6)
DA:1,1
DA:2,1
DA:3,1
DA:4,1
DA:8,1
DA:10,1
DA:11,1
DA:14,1
DA:16,1
DA:17,1
DA:21,1
DA:22,1
DA:23,1
DA:26,0
DA:31,1
DA:32,0
DA:33,0
DA:34,0
DA:35,0
DA:37,0
DA:41,1
DA:42,0
DA:43,0
DA:44,0
DA:45,0
DA:46,0
DA:47,0
DA:49,0
DA:53,1
DA:54,1
DA:57,1
LF:31
LH:18
BRDA:14,0,0,1
BRDA:14,0,1,1
BRF:2
BRH:2
end_of_record
TN:
SF:server/database.js
FN:11,readDatabase
FN:12,(anonymous_1)
FN:26,writeDatabase
FN:28,(anonymous_3)
FN:38,retrieveAllBlogs
FN:43,retrieveBlog
FN:45,(anonymous_6)
FN:53,writeBlog
FN:55,(anonymous_8)
FNF:9
FNH:3
FNDA:1,readDatabase
FNDA:1,(anonymous_1)
FNDA:0,writeDatabase
FNDA:0,(anonymous_3)
FNDA:1,retrieveAllBlogs
FNDA:0,retrieveBlog
FNDA:0,(anonymous_6)
FNDA:0,writeBlog
FNDA:0,(anonymous_8)
DA:7,2
DA:8,2
DA:12,1
DA:13,1
DA:14,0
DA:16,1
DA:17,1
DA:18,1
DA:20,0
DA:27,0
DA:28,0
DA:29,0
DA:30,0
DA:32,0
DA:39,1
DA:45,0
DA:46,0
DA:47,0
DA:49,0
DA:55,0
DA:57,0
DA:58,0
DA:59,0
DA:61,0
DA:62,0
DA:64,0
DA:68,2
LF:27
LH:9
BRDA:13,0,0,0
BRDA:13,0,1,1
BRDA:14,1,0,0
BRDA:14,1,1,0
BRDA:18,2,0,1
BRDA:18,2,1,1
BRDA:20,3,0,0
BRDA:20,3,1,0
BRDA:29,4,0,0
BRDA:29,4,1,0
BRDA:57,5,0,0
BRDA:57,5,1,0
BRF:12
BRH:3
end_of_record
